Begin organizing league standings for 2018 || Timestamp: 2018-12-31 13:51:33
	Writing BOS to team_years
	Writing HOU to team_years
	Writing NYY to team_years
	Writing OAK to team_years
	Writing MIL to team_years
	Writing CHC to team_years
	Writing LAD to team_years
	Writing CLE to team_years
	Writing COL to team_years
	Writing ATL to team_years
	Writing TBR to team_years
	Writing SEA to team_years
	Writing STL to team_years
	Writing PIT to team_years
	Writing WSN to team_years
	Writing ARI to team_years
	Writing PHI to team_years
	Writing LAA to team_years
	Writing MIN to team_years
	Writing NYM to team_years
	Writing TOR to team_years
	Writing SFG to team_years
	Writing CIN to team_years
	Writing TEX to team_years
	Writing SDP to team_years
	Writing DET to team_years
	Writing MIA to team_years
	Writing CHW to team_years
	Writing KCR to team_years
	Writing BAL to team_years
Done organizing league standings for 2018: time = 4.55 seconds


Begin organizing league standings for 2018 || Timestamp: 2018-12-31 14:30:10
	Writing BOS to team_years
	Writing HOU to team_years
	Writing NYY to team_years
	Writing OAK to team_years
	Writing MIL to team_years
	Writing CHC to team_years
	Writing LAD to team_years
	Writing CLE to team_years
	Writing COL to team_years
	Writing ATL to team_years
	Writing TBR to team_years
	Writing SEA to team_years
	Writing STL to team_years
	Writing PIT to team_years
	Writing WSN to team_years
	Writing ARI to team_years
	Writing PHI to team_years
	Writing LAA to team_years
	Writing MIN to team_years
	Writing NYM to team_years
	Writing TOR to team_years
	Writing SFG to team_years
	Writing CIN to team_years
	Writing TEX to team_years
	Writing SDP to team_years
	Writing DET to team_years
	Writing MIA to team_years
	Writing CHW to team_years
	Writing KCR to team_years
	Writing BAL to team_years
Done organizing league standings for 2018: time = 0.87 seconds


