Downloading 2018 team batting order data || Timestamp: 2019-01-08 15:44:48
	downloading team pages
		downloading CHC page
		downloading CIN page
		downloading MIL page
		downloading PIT page
		downloading STL page
		downloading ATL page
		downloading MIA page
		downloading NYM page
		downloading PHI page
		downloading WSN page
		downloading ARI page
		downloading COL page
		downloading LAD page
		downloading SDP page
		downloading SFG page
		downloading CHW page
		downloading CLE page
		downloading DET page
		downloading KCR page
		downloading MIN page
		downloading BAL page
		downloading BOS page
		downloading NYY page
		downloading TBR page
		downloading TOR page
		downloading HOU page
		downloading LAA page
		downloading OAK page
		downloading SEA page
		downloading TEX page
		Time = 15.44 seconds
	Organizing schedules and pitching rotations
		Gathering CIN schedule and pitching rotations
		Gathering MIL schedule and pitching rotations
		Gathering CHC schedule and pitching rotations
		Gathering PIT schedule and pitching rotations
		Gathering ATL schedule and pitching rotations
		Gathering STL schedule and pitching rotations
		Gathering MIA schedule and pitching rotations
		Gathering NYM schedule and pitching rotations
		Gathering PHI schedule and pitching rotations
		Gathering WSN schedule and pitching rotations
		Gathering COL schedule and pitching rotations
		Gathering ARI schedule and pitching rotations
		Gathering LAD schedule and pitching rotations
		Gathering SDP schedule and pitching rotations
		Gathering SFG schedule and pitching rotations
		Gathering CHW schedule and pitching rotations
		Gathering CLE schedule and pitching rotations
		Gathering DET schedule and pitching rotations
		Gathering KCR schedule and pitching rotations
		Gathering MIN schedule and pitching rotations
		Gathering BAL schedule and pitching rotations
		Gathering BOS schedule and pitching rotations
		Gathering TOR schedule and pitching rotations
		Gathering NYY schedule and pitching rotations
		Gathering TBR schedule and pitching rotations
		Gathering HOU schedule and pitching rotations
		Gathering LAA schedule and pitching rotations
		Gathering OAK schedule and pitching rotations
		Gathering SEA schedule and pitching rotations
		Gathering TEX schedule and pitching rotations
			Time = 12 minutes 14.59 seconds
Done downloading team pitching rotation data: time = 12 minutes 30.04 seconds


