Beginning year_data download for 2018 || Timestamp: 2018-12-27 12:49:35
Getting date of opening day
	Complete (opening day): time = 7.98 seconds
making HTTP requests for year data
downloading batting data
downloading pitching data
downloading fielding data
	done making HTTP requests: time = 12.67 seconds
Assembling year batting stats
	Completed (batting): time = 0.01 seconds
Assembling year pitching stats
	Completed (pitching): time = 0.01 seconds
Assembling year fielding stats
	Completed (fielding): time = 0.01 seconds
writing to database
writing batting stats to database
writing pitching stats to database
writing fielding stats to database
	done writing to database: time = 0.24 seconds
year_data download completed: time = 21.72 seconds


